program hanged (timeout 10 seconds)

fatal error: runtime: out of memory
panic during panic

goroutine 0 [idle]:
runtime.startpanic_m()
	/tmp/go-fuzz-build080959663/goroot/src/runtime/panic.go:671 +0x19a
runtime.systemstack(0x4ee850)
	/tmp/go-fuzz-build080959663/goroot/src/runtime/asm_amd64.s:360 +0xab
runtime.startpanic()
	/tmp/go-fuzz-build080959663/goroot/src/runtime/panic.go:578 +0x1e
runtime.sighandler(0xc400000006, 0xc420009d70, 0xc420009c40, 0x56efa0)
	/tmp/go-fuzz-build080959663/goroot/src/runtime/signal_sighandler.go:81 +0x58d
runtime.sigtrampgo(0x6, 0xc420009d70, 0xc420009c40)
	/tmp/go-fuzz-build080959663/goroot/src/runtime/signal_unix.go:334 +0x25d
runtime.sigtramp(0x6, 0x0, 0xc420002000, 0x0, 0x8000, 0x7ffcf90b1900, 0x0, 0x0, 0x246, 0x0, ...)
	/tmp/go-fuzz-build080959663/goroot/src/runtime/sys_linux_amd64.s:265 +0x43
runtime.sigreturn(0x0, 0xc420002000, 0x0, 0x8000, 0x7ffcf90b1900, 0x0, 0x0, 0x246, 0x0, 0x18, ...)
	/tmp/go-fuzz-build080959663/goroot/src/runtime/sys_linux_amd64.s:357

goroutine 1 [running]:
runtime.systemstack_switch()
	/tmp/go-fuzz-build080959663/goroot/src/runtime/asm_amd64.s:298 fp=0xc42003ba20 sp=0xc42003ba18 pc=0x44f0a0
runtime.mallocgc(0x690000400, 0x4c8320, 0x46dc01, 0xc420014100)
	/tmp/go-fuzz-build080959663/goroot/src/runtime/malloc.go:721 +0x7ae fp=0xc42003bac8 sp=0xc42003ba20 pc=0x40ecae
runtime.makeslice(0x4c8320, 0x69000040, 0x69000040, 0x58cf58, 0x4c32e0, 0xc420014100)
	/tmp/go-fuzz-build080959663/goroot/src/runtime/slice.go:54 +0x77 fp=0xc42003baf8 sp=0xc42003bac8 pc=0x43b4a7
github.com/go-spatial/tegola/geom/encoding/wkb/internal/decode.LineString(0x55d120, 0xc420072150, 0x55e3c0, 0x58cf58, 0xc400000002, 0x0, 0x0, 0x0, 0x0)
	/tmp/go-fuzz-build080959663/gopath/src/github.com/go-spatial/tegola/geom/encoding/wkb/internal/decode/decode.go:64 +0x10d fp=0xc42003bb80 sp=0xc42003baf8 pc=0x4b196d
github.com/go-spatial/tegola/geom/encoding/wkb/internal/decode.Collection(0x55d120, 0xc420072150, 0x55e3c0, 0x58cf58, 0xc400000007, 0x0, 0x0, 0xaa, 0x43039b)
	/tmp/go-fuzz-build080959663/gopath/src/github.com/go-spatial/tegola/geom/encoding/wkb/internal/decode/decode.go:165 +0x4c6 fp=0xc42003bcd8 sp=0xc42003bb80 pc=0x4b3296
github.com/go-spatial/tegola/geom/encoding/wkb.Decode(0x55d120, 0xc420072150, 0x4527c6, 0x1a3fe, 0x26f7da6b, 0xc42003bec0)
	/tmp/go-fuzz-build080959663/gopath/src/github.com/go-spatial/tegola/geom/encoding/wkb/wkb.go:81 +0x62f fp=0xc42003be68 sp=0xc42003bcd8 pc=0x4b436f
github.com/go-spatial/tegola/geom/encoding/wkb.DecodeBytes(0x7f53cd591000, 0x8d, 0x200000, 0x461546, 0x5ac43b4c, 0x12eeaf93, 0x504061)
	/tmp/go-fuzz-build080959663/gopath/src/github.com/go-spatial/tegola/geom/encoding/wkb/wkb.go:51 +0xaf fp=0xc42003beb0 sp=0xc42003be68 pc=0x4b3cdf
github.com/go-spatial/tegola/geom/encoding/wkb/internal/fuzz.Fuzz(0x7f53cd591000, 0x8d, 0x200000, 0xc42003bf70)
	/tmp/go-fuzz-build080959663/gopath/src/github.com/go-spatial/tegola/geom/encoding/wkb/internal/fuzz/fuzz.go:11 +0x5b fp=0xc42003bef8 sp=0xc42003beb0 pc=0x4b46bb
go-fuzz-dep.Main(0x4ee4b8)
	/tmp/go-fuzz-build080959663/goroot/src/go-fuzz-dep/main.go:49 +0xad fp=0xc42003bf68 sp=0xc42003bef8 pc=0x4650bd
main.main()
	/tmp/go-fuzz-build080959663/gopath/src/github.com/go-spatial/tegola/geom/encoding/wkb/internal/fuzz/go.fuzz.main/main.go:10 +0x2d fp=0xc42003bf80 sp=0xc42003bf68 pc=0x4b484d
runtime.main()
	/tmp/go-fuzz-build080959663/goroot/src/runtime/proc.go:195 +0x226 fp=0xc42003bfe0 sp=0xc42003bf80 pc=0x428e86
runtime.goexit()
	/tmp/go-fuzz-build080959663/goroot/src/runtime/asm_amd64.s:2337 +0x1 fp=0xc42003bfe8 sp=0xc42003bfe0 pc=0x4516f1
exit status 2