fatal error: runtime: out of memory

runtime stack:
runtime.throw(0x4e9dc8, 0x16)
	/tmp/go-fuzz-build080959663/goroot/src/runtime/panic.go:605 +0x95
runtime.sysMap(0xc420200000, 0x601810000, 0x0, 0x58dd78)
	/tmp/go-fuzz-build080959663/goroot/src/runtime/mem_linux.go:216 +0x1d0
runtime.(*mheap).sysAlloc(0x575760, 0x601810000, 0x0)
	/tmp/go-fuzz-build080959663/goroot/src/runtime/malloc.go:470 +0xd7
runtime.(*mheap).grow(0x575760, 0x300c01, 0x0)
	/tmp/go-fuzz-build080959663/goroot/src/runtime/mheap.go:887 +0x60
runtime.(*mheap).allocSpanLocked(0x575760, 0x300c01, 0x58dd88, 0x5617a0)
	/tmp/go-fuzz-build080959663/goroot/src/runtime/mheap.go:800 +0x334
runtime.(*mheap).alloc_m(0x575760, 0x300c01, 0x7ffcd5c20100, 0x7ffcd5c2a058)
	/tmp/go-fuzz-build080959663/goroot/src/runtime/mheap.go:666 +0x118
runtime.(*mheap).alloc.func1()
	/tmp/go-fuzz-build080959663/goroot/src/runtime/mheap.go:733 +0x4d
runtime.systemstack(0x7ffcd5c2a048)
	/tmp/go-fuzz-build080959663/goroot/src/runtime/asm_amd64.s:360 +0xab
runtime.(*mheap).alloc(0x575760, 0x300c01, 0x7f5509010100, 0x7ffcd5c2a0c8)
	/tmp/go-fuzz-build080959663/goroot/src/runtime/mheap.go:732 +0xa1
runtime.largeAlloc(0x601801dd0, 0x440001, 0xc420080000)
	/tmp/go-fuzz-build080959663/goroot/src/runtime/malloc.go:827 +0x98
runtime.mallocgc.func1()
	/tmp/go-fuzz-build080959663/goroot/src/runtime/malloc.go:722 +0x46
runtime.systemstack(0x56ef00)
	/tmp/go-fuzz-build080959663/goroot/src/runtime/asm_amd64.s:344 +0x79
runtime.mstart()
	/tmp/go-fuzz-build080959663/goroot/src/runtime/proc.go:1135

goroutine 1 [running]:
runtime.systemstack_switch()
	/tmp/go-fuzz-build080959663/goroot/src/runtime/asm_amd64.s:298 fp=0xc42003b9f0 sp=0xc42003b9e8 pc=0x44f0a0
runtime.mallocgc(0x601801dd0, 0x4c3b00, 0xc420014101, 0xc420014170)
	/tmp/go-fuzz-build080959663/goroot/src/runtime/malloc.go:721 +0x7ae fp=0xc42003ba98 sp=0xc42003b9f0 pc=0x40ecae
runtime.makeslice(0x4c3b00, 0x4010013e, 0x4010013e, 0x58cf58, 0x4c32e0, 0xc420014170)
	/tmp/go-fuzz-build080959663/goroot/src/runtime/slice.go:54 +0x77 fp=0xc42003bac8 sp=0xc42003ba98 pc=0x43b4a7
github.com/go-spatial/tegola/geom/encoding/wkb/internal/decode.MultiLineString(0x55d120, 0xc42006e150, 0x55e360, 0x58cf58, 0xc400000005, 0x0, 0x0, 0x0, 0x0)
	/tmp/go-fuzz-build080959663/gopath/src/github.com/go-spatial/tegola/geom/encoding/wkb/internal/decode/decode.go:78 +0x124 fp=0xc42003bb80 sp=0xc42003bac8 pc=0x4b1c94
github.com/go-spatial/tegola/geom/encoding/wkb/internal/decode.Collection(0x55d120, 0xc42006e150, 0x55e360, 0x58cf58, 0xc400000007, 0x0, 0x0, 0xc42003bd50, 0x43039b)
	/tmp/go-fuzz-build080959663/gopath/src/github.com/go-spatial/tegola/geom/encoding/wkb/internal/decode/decode.go:171 +0x7b6 fp=0xc42003bcd8 sp=0xc42003bb80 pc=0x4b3586
github.com/go-spatial/tegola/geom/encoding/wkb.Decode(0x55d120, 0xc42006e150, 0x4527c6, 0x18bbe, 0x2b29f0ce, 0xc42003bec0)
	/tmp/go-fuzz-build080959663/gopath/src/github.com/go-spatial/tegola/geom/encoding/wkb/wkb.go:81 +0x62f fp=0xc42003be68 sp=0xc42003bcd8 pc=0x4b436f
github.com/go-spatial/tegola/geom/encoding/wkb.DecodeBytes(0x7f5509909000, 0x85, 0x200000, 0x461546, 0x5ac4230c, 0x1720c5e4, 0xaff58)
	/tmp/go-fuzz-build080959663/gopath/src/github.com/go-spatial/tegola/geom/encoding/wkb/wkb.go:51 +0xaf fp=0xc42003beb0 sp=0xc42003be68 pc=0x4b3cdf
github.com/go-spatial/tegola/geom/encoding/wkb/internal/fuzz.Fuzz(0x7f5509909000, 0x85, 0x200000, 0xc42003bf70)
	/tmp/go-fuzz-build080959663/gopath/src/github.com/go-spatial/tegola/geom/encoding/wkb/internal/fuzz/fuzz.go:11 +0x5b fp=0xc42003bef8 sp=0xc42003beb0 pc=0x4b46bb
go-fuzz-dep.Main(0x4ee4b8)
	/tmp/go-fuzz-build080959663/goroot/src/go-fuzz-dep/main.go:49 +0xad fp=0xc42003bf68 sp=0xc42003bef8 pc=0x4650bd
main.main()
	/tmp/go-fuzz-build080959663/gopath/src/github.com/go-spatial/tegola/geom/encoding/wkb/internal/fuzz/go.fuzz.main/main.go:10 +0x2d fp=0xc42003bf80 sp=0xc42003bf68 pc=0x4b484d
runtime.main()
	/tmp/go-fuzz-build080959663/goroot/src/runtime/proc.go:195 +0x226 fp=0xc42003bfe0 sp=0xc42003bf80 pc=0x428e86
runtime.goexit()
	/tmp/go-fuzz-build080959663/goroot/src/runtime/asm_amd64.s:2337 +0x1 fp=0xc42003bfe8 sp=0xc42003bfe0 pc=0x4516f1
exit status 2