fatal error: runtime: out of memory

runtime stack:
runtime.throw(0x4f118e, 0x16)
	/tmp/go-fuzz-build519499832/goroot/src/runtime/panic.go:605 +0x95
runtime.sysMap(0xc420100000, 0x3ff000000, 0x7fc2782d3200, 0x597df8)
	/tmp/go-fuzz-build519499832/goroot/src/runtime/mem_linux.go:216 +0x1d0
runtime.(*mheap).sysAlloc(0x57f7e0, 0x3ff000000, 0x578da0)
	/tmp/go-fuzz-build519499832/goroot/src/runtime/malloc.go:470 +0xd7
runtime.(*mheap).grow(0x57f7e0, 0x1ff800, 0x0)
	/tmp/go-fuzz-build519499832/goroot/src/runtime/mheap.go:887 +0x60
runtime.(*mheap).allocSpanLocked(0x57f7e0, 0x1ff800, 0x597e08, 0xc400000002)
	/tmp/go-fuzz-build519499832/goroot/src/runtime/mheap.go:800 +0x334
runtime.(*mheap).alloc_m(0x57f7e0, 0x1ff800, 0x7ffe1e430101, 0x0)
	/tmp/go-fuzz-build519499832/goroot/src/runtime/mheap.go:666 +0x118
runtime.(*mheap).alloc.func1()
	/tmp/go-fuzz-build519499832/goroot/src/runtime/mheap.go:733 +0x4d
runtime.systemstack(0x7ffe1e433818)
	/tmp/go-fuzz-build519499832/goroot/src/runtime/asm_amd64.s:360 +0xab
runtime.(*mheap).alloc(0x57f7e0, 0x1ff800, 0x10101, 0x578f10)
	/tmp/go-fuzz-build519499832/goroot/src/runtime/mheap.go:732 +0xa1
runtime.largeAlloc(0x3ff000000, 0x101, 0x579020)
	/tmp/go-fuzz-build519499832/goroot/src/runtime/malloc.go:827 +0x98
runtime.mallocgc.func1()
	/tmp/go-fuzz-build519499832/goroot/src/runtime/malloc.go:722 +0x46
runtime.systemstack(0x579000)
	/tmp/go-fuzz-build519499832/goroot/src/runtime/asm_amd64.s:344 +0x79
runtime.mstart()
	/tmp/go-fuzz-build519499832/goroot/src/runtime/proc.go:1135

goroutine 1 [running]:
runtime.systemstack_switch()
	/tmp/go-fuzz-build519499832/goroot/src/runtime/asm_amd64.s:298 fp=0xc42003b978 sp=0xc42003b970 pc=0x44f1b0
runtime.mallocgc(0x3ff000000, 0x4ceb00, 0xc42005a101, 0xc4200140b0)
	/tmp/go-fuzz-build519499832/goroot/src/runtime/malloc.go:721 +0x7ae fp=0xc42003ba20 sp=0xc42003b978 pc=0x40edbe
runtime.makeslice(0x4ceb00, 0x3ff00000, 0x3ff00000, 0x596fd8, 0x4c9880, 0xc4200140b0)
	/tmp/go-fuzz-build519499832/goroot/src/runtime/slice.go:54 +0x77 fp=0xc42003ba50 sp=0xc42003ba20 pc=0x43b5b7
github.com/go-spatial/tegola/geom/encoding/wkb/internal/decode.LinerRing(0x567160, 0xc42005a150, 0x568440, 0x596fd8, 0x0, 0x0, 0x0, 0x0, 0x0)
	/tmp/go-fuzz-build519499832/gopath/src/github.com/go-spatial/tegola/geom/encoding/wkb/internal/decode/decode.go:99 +0x12b fp=0xc42003bac8 sp=0xc42003ba50 pc=0x4b65fb
github.com/go-spatial/tegola/geom/encoding/wkb/internal/decode.Polygon(0x567160, 0xc42005a150, 0x568440, 0x596fd8, 0x3, 0x0, 0x0, 0x0, 0x0)
	/tmp/go-fuzz-build519499832/gopath/src/github.com/go-spatial/tegola/geom/encoding/wkb/internal/decode/decode.go:122 +0x1e1 fp=0xc42003bb68 sp=0xc42003bac8 pc=0x4b6ad1
github.com/go-spatial/tegola/geom/encoding/wkb/internal/decode.Collection(0x567160, 0xc42005a150, 0x568440, 0x596fd8, 0xc400000007, 0x0, 0x0, 0x300000002, 0xc420000180)
	/tmp/go-fuzz-build519499832/gopath/src/github.com/go-spatial/tegola/geom/encoding/wkb/internal/decode/decode.go:167 +0x3c4 fp=0xc42003bcc0 sp=0xc42003bb68 pc=0x4b7594
github.com/go-spatial/tegola/geom/encoding/wkb.Decode(0x567160, 0xc42005a150, 0xc42003be90, 0x4528d6, 0xc42003bee8, 0x4528d6)
	/tmp/go-fuzz-build519499832/gopath/src/github.com/go-spatial/tegola/geom/encoding/wkb/wkb.go:81 +0x62f fp=0xc42003be50 sp=0xc42003bcc0 pc=0x4ba2cf
github.com/go-spatial/tegola/geom/encoding/wkb.DecodeBytes(0x7fc2780ae000, 0x1a, 0x200000, 0x137e18d400000000, 0x5abe8b0a, 0xc42003bee8, 0x461656)
	/tmp/go-fuzz-build519499832/gopath/src/github.com/go-spatial/tegola/geom/encoding/wkb/wkb.go:51 +0xaf fp=0xc42003be98 sp=0xc42003be50 pc=0x4b9c3f
github.com/go-spatial/tegola/geom/encoding/wkb.Fuzz(0x7fc2780ae000, 0x1a, 0x200000, 0xc42003bf70)
	/tmp/go-fuzz-build519499832/gopath/src/github.com/go-spatial/tegola/geom/encoding/wkb/fuzz.go:7 +0x5b fp=0xc42003bef8 sp=0xc42003be98 pc=0x4b97eb
go-fuzz-dep.Main(0x4f58a0)
	/tmp/go-fuzz-build519499832/goroot/src/go-fuzz-dep/main.go:49 +0xad fp=0xc42003bf68 sp=0xc42003bef8 pc=0x4651cd
main.main()
	/tmp/go-fuzz-build519499832/gopath/src/github.com/go-spatial/tegola/geom/encoding/wkb/go.fuzz.main/main.go:10 +0x2d fp=0xc42003bf80 sp=0xc42003bf68 pc=0x4baf3d
runtime.main()
	/tmp/go-fuzz-build519499832/goroot/src/runtime/proc.go:195 +0x226 fp=0xc42003bfe0 sp=0xc42003bf80 pc=0x428f96
runtime.goexit()
	/tmp/go-fuzz-build519499832/goroot/src/runtime/asm_amd64.s:2337 +0x1 fp=0xc42003bfe8 sp=0xc42003bfe0 pc=0x451801
exit status 2