program hanged (timeout 10 seconds)

fatal error: runtime: out of memory
panic during panic

goroutine 0 [idle]:
runtime.startpanic_m()
	/tmp/go-fuzz-build519499832/goroot/src/runtime/panic.go:671 +0x19a
runtime.systemstack(0x4f5c38)
	/tmp/go-fuzz-build519499832/goroot/src/runtime/asm_amd64.s:360 +0xab
runtime.startpanic()
	/tmp/go-fuzz-build519499832/goroot/src/runtime/panic.go:578 +0x1e
runtime.sighandler(0xc400000006, 0xc420009d70, 0xc420009c40, 0x579020)
	/tmp/go-fuzz-build519499832/goroot/src/runtime/signal_sighandler.go:81 +0x58d
runtime.sigtrampgo(0x6, 0xc420009d70, 0xc420009c40)
	/tmp/go-fuzz-build519499832/goroot/src/runtime/signal_unix.go:334 +0x25d
runtime.sigtramp(0x6, 0x0, 0xc420002000, 0x0, 0x8000, 0x7fff1fee90b0, 0x0, 0x0, 0x246, 0x0, ...)
	/tmp/go-fuzz-build519499832/goroot/src/runtime/sys_linux_amd64.s:265 +0x43
runtime.sigreturn(0x0, 0xc420002000, 0x0, 0x8000, 0x7fff1fee90b0, 0x0, 0x0, 0x246, 0x0, 0x28, ...)
	/tmp/go-fuzz-build519499832/goroot/src/runtime/sys_linux_amd64.s:357

goroutine 1 [running]:
runtime.systemstack_switch()
	/tmp/go-fuzz-build519499832/goroot/src/runtime/asm_amd64.s:298 fp=0xc42003ba90 sp=0xc42003ba88 pc=0x44f1b0
runtime.mallocgc(0x666572020, 0x4d46c0, 0x1, 0xc420014088)
	/tmp/go-fuzz-build519499832/goroot/src/runtime/malloc.go:721 +0x7ae fp=0xc42003bb38 sp=0xc42003ba90 pc=0x40edbe
runtime.makeslice(0x4d46c0, 0x66657202, 0x66657202, 0x596fd8, 0x4c9880, 0xc420014088)
	/tmp/go-fuzz-build519499832/goroot/src/runtime/slice.go:54 +0x77 fp=0xc42003bb68 sp=0xc42003bb38 pc=0x43b5b7
github.com/go-spatial/tegola/geom/encoding/wkb/internal/decode.Collection(0x567160, 0xc42005a180, 0x568440, 0x596fd8, 0xc400000007, 0x0, 0x0, 0x4d8580, 0xc42000e280)
	/tmp/go-fuzz-build519499832/gopath/src/github.com/go-spatial/tegola/geom/encoding/wkb/internal/decode/decode.go:155 +0x145 fp=0xc42003bcc0 sp=0xc42003bb68 pc=0x4b7315
github.com/go-spatial/tegola/geom/encoding/wkb.Decode(0x567160, 0xc42005a180, 0xc42003be90, 0x4528d6, 0xc42003bee8, 0x4528d6)
	/tmp/go-fuzz-build519499832/gopath/src/github.com/go-spatial/tegola/geom/encoding/wkb/wkb.go:81 +0x62f fp=0xc42003be50 sp=0xc42003bcc0 pc=0x4ba2cf
github.com/go-spatial/tegola/geom/encoding/wkb.DecodeBytes(0x7f667952d000, 0x27, 0x200000, 0xb08714f00000000, 0x5abecd42, 0xc42003bee8, 0x461656)
	/tmp/go-fuzz-build519499832/gopath/src/github.com/go-spatial/tegola/geom/encoding/wkb/wkb.go:51 +0xaf fp=0xc42003be98 sp=0xc42003be50 pc=0x4b9c3f
github.com/go-spatial/tegola/geom/encoding/wkb.Fuzz(0x7f667952d000, 0x27, 0x200000, 0x3)
	/tmp/go-fuzz-build519499832/gopath/src/github.com/go-spatial/tegola/geom/encoding/wkb/fuzz.go:7 +0x5b fp=0xc42003bef8 sp=0xc42003be98 pc=0x4b97eb
go-fuzz-dep.Main(0x4f58a0)
	/tmp/go-fuzz-build519499832/goroot/src/go-fuzz-dep/main.go:49 +0xad fp=0xc42003bf68 sp=0xc42003bef8 pc=0x4651cd
main.main()
	/tmp/go-fuzz-build519499832/gopath/src/github.com/go-spatial/tegola/geom/encoding/wkb/go.fuzz.main/main.go:10 +0x2d fp=0xc42003bf80 sp=0xc42003bf68 pc=0x4baf3d
runtime.main()
	/tmp/go-fuzz-build519499832/goroot/src/runtime/proc.go:195 +0x226 fp=0xc42003bfe0 sp=0xc42003bf80 pc=0x428f96
runtime.goexit()
	/tmp/go-fuzz-build519499832/goroot/src/runtime/asm_amd64.s:2337 +0x1 fp=0xc42003bfe8 sp=0xc42003bfe0 pc=0x451801
exit status 2