fatal error: runtime: out of memory

runtime stack:
runtime.throw(0x4e9dc8, 0x16)
	/tmp/go-fuzz-build080959663/goroot/src/runtime/panic.go:605 +0x95
runtime.sysMap(0xc420200000, 0x555e10000, 0x0, 0x58dd78)
	/tmp/go-fuzz-build080959663/goroot/src/runtime/mem_linux.go:216 +0x1d0
runtime.(*mheap).sysAlloc(0x575760, 0x555e10000, 0x0)
	/tmp/go-fuzz-build080959663/goroot/src/runtime/malloc.go:470 +0xd7
runtime.(*mheap).grow(0x575760, 0x2aaf01, 0x0)
	/tmp/go-fuzz-build080959663/goroot/src/runtime/mheap.go:887 +0x60
runtime.(*mheap).allocSpanLocked(0x575760, 0x2aaf01, 0x58dd88, 0x5617a0)
	/tmp/go-fuzz-build080959663/goroot/src/runtime/mheap.go:800 +0x334
runtime.(*mheap).alloc_m(0x575760, 0x2aaf01, 0x7fffb65f0101, 0x7fffb65fe4d8)
	/tmp/go-fuzz-build080959663/goroot/src/runtime/mheap.go:666 +0x118
runtime.(*mheap).alloc.func1()
	/tmp/go-fuzz-build080959663/goroot/src/runtime/mheap.go:733 +0x4d
runtime.systemstack(0x7fffb65fe4c8)
	/tmp/go-fuzz-build080959663/goroot/src/runtime/asm_amd64.s:360 +0xab
runtime.(*mheap).alloc(0x575760, 0x2aaf01, 0x7f8bb1010101, 0x7fffb65fe548)
	/tmp/go-fuzz-build080959663/goroot/src/runtime/mheap.go:732 +0xa1
runtime.largeAlloc(0x555e00010, 0x440101, 0xc420080000)
	/tmp/go-fuzz-build080959663/goroot/src/runtime/malloc.go:827 +0x98
runtime.mallocgc.func1()
	/tmp/go-fuzz-build080959663/goroot/src/runtime/malloc.go:722 +0x46
runtime.systemstack(0x56ef00)
	/tmp/go-fuzz-build080959663/goroot/src/runtime/asm_amd64.s:344 +0x79
runtime.mstart()
	/tmp/go-fuzz-build080959663/goroot/src/runtime/proc.go:1135

goroutine 1 [running]:
runtime.systemstack_switch()
	/tmp/go-fuzz-build080959663/goroot/src/runtime/asm_amd64.s:298 fp=0xc42003b990 sp=0xc42003b988 pc=0x44f0a0
runtime.mallocgc(0x555e00010, 0x4c8320, 0xc420080001, 0xc420014180)
	/tmp/go-fuzz-build080959663/goroot/src/runtime/malloc.go:721 +0x7ae fp=0xc42003ba38 sp=0xc42003b990 pc=0x40ecae
runtime.makeslice(0x4c8320, 0x555e0001, 0x555e0001, 0x58cf58, 0x4c32e0, 0xc420014180)
	/tmp/go-fuzz-build080959663/goroot/src/runtime/slice.go:54 +0x77 fp=0xc42003ba68 sp=0xc42003ba38 pc=0x43b4a7
github.com/go-spatial/tegola/geom/encoding/wkb/internal/decode.LinerRing(0x55d120, 0xc42006e150, 0x55e360, 0x58cf58, 0x0, 0x0, 0x0, 0x0, 0x55e360)
	/tmp/go-fuzz-build080959663/gopath/src/github.com/go-spatial/tegola/geom/encoding/wkb/internal/decode/decode.go:99 +0x12b fp=0xc42003bae0 sp=0xc42003ba68 pc=0x4b21fb
github.com/go-spatial/tegola/geom/encoding/wkb/internal/decode.Polygon(0x55d120, 0xc42006e150, 0x55e360, 0x58cf58, 0xc400000003, 0x0, 0x0, 0x0, 0x0)
	/tmp/go-fuzz-build080959663/gopath/src/github.com/go-spatial/tegola/geom/encoding/wkb/internal/decode/decode.go:122 +0x1e1 fp=0xc42003bb80 sp=0xc42003bae0 pc=0x4b26d1
github.com/go-spatial/tegola/geom/encoding/wkb/internal/decode.Collection(0x55d120, 0xc42006e150, 0x55e360, 0x58cf58, 0xc400000007, 0x0, 0x0, 0xc42003bd50, 0x43039b)
	/tmp/go-fuzz-build080959663/gopath/src/github.com/go-spatial/tegola/geom/encoding/wkb/internal/decode/decode.go:167 +0x3c6 fp=0xc42003bcd8 sp=0xc42003bb80 pc=0x4b3196
github.com/go-spatial/tegola/geom/encoding/wkb.Decode(0x55d120, 0xc42006e150, 0x4527c6, 0x17309, 0x30275b7d, 0xc42003bec0)
	/tmp/go-fuzz-build080959663/gopath/src/github.com/go-spatial/tegola/geom/encoding/wkb/wkb.go:81 +0x62f fp=0xc42003be68 sp=0xc42003bcd8 pc=0x4b436f
github.com/go-spatial/tegola/geom/encoding/wkb.DecodeBytes(0x7f8bb0de2000, 0x89, 0x200000, 0x461546, 0x5ac40a57, 0x1c1e30a1, 0xb49e1)
	/tmp/go-fuzz-build080959663/gopath/src/github.com/go-spatial/tegola/geom/encoding/wkb/wkb.go:51 +0xaf fp=0xc42003beb0 sp=0xc42003be68 pc=0x4b3cdf
github.com/go-spatial/tegola/geom/encoding/wkb/internal/fuzz.Fuzz(0x7f8bb0de2000, 0x89, 0x200000, 0xc42003bf70)
	/tmp/go-fuzz-build080959663/gopath/src/github.com/go-spatial/tegola/geom/encoding/wkb/internal/fuzz/fuzz.go:11 +0x5b fp=0xc42003bef8 sp=0xc42003beb0 pc=0x4b46bb
go-fuzz-dep.Main(0x4ee4b8)
	/tmp/go-fuzz-build080959663/goroot/src/go-fuzz-dep/main.go:49 +0xad fp=0xc42003bf68 sp=0xc42003bef8 pc=0x4650bd
main.main()
	/tmp/go-fuzz-build080959663/gopath/src/github.com/go-spatial/tegola/geom/encoding/wkb/internal/fuzz/go.fuzz.main/main.go:10 +0x2d fp=0xc42003bf80 sp=0xc42003bf68 pc=0x4b484d
runtime.main()
	/tmp/go-fuzz-build080959663/goroot/src/runtime/proc.go:195 +0x226 fp=0xc42003bfe0 sp=0xc42003bf80 pc=0x428e86
runtime.goexit()
	/tmp/go-fuzz-build080959663/goroot/src/runtime/asm_amd64.s:2337 +0x1 fp=0xc42003bfe8 sp=0xc42003bfe0 pc=0x4516f1
exit status 2