fatal error: runtime: out of memory

runtime stack:
runtime.throw(0x4e9dc8, 0x16)
	/tmp/go-fuzz-build080959663/goroot/src/runtime/panic.go:605 +0x95
runtime.sysMap(0xc420100000, 0x404180000, 0x7f129b39b100, 0x58dd78)
	/tmp/go-fuzz-build080959663/goroot/src/runtime/mem_linux.go:216 +0x1d0
runtime.(*mheap).sysAlloc(0x575760, 0x404180000, 0x7f129b39b268)
	/tmp/go-fuzz-build080959663/goroot/src/runtime/malloc.go:470 +0xd7
runtime.(*mheap).grow(0x575760, 0x2020c0, 0x0)
	/tmp/go-fuzz-build080959663/goroot/src/runtime/mheap.go:887 +0x60
runtime.(*mheap).allocSpanLocked(0x575760, 0x2020c0, 0x58dd88, 0x7f129b376440)
	/tmp/go-fuzz-build080959663/goroot/src/runtime/mheap.go:800 +0x334
runtime.(*mheap).alloc_m(0x575760, 0x2020c0, 0x7ffc8e7f0101, 0x412e6c)
	/tmp/go-fuzz-build080959663/goroot/src/runtime/mheap.go:666 +0x118
runtime.(*mheap).alloc.func1()
	/tmp/go-fuzz-build080959663/goroot/src/runtime/mheap.go:733 +0x4d
runtime.systemstack(0x7ffc8e7fcb78)
	/tmp/go-fuzz-build080959663/goroot/src/runtime/asm_amd64.s:360 +0xab
runtime.(*mheap).alloc(0x575760, 0x2020c0, 0x7ffc8e010101, 0x4124d4)
	/tmp/go-fuzz-build080959663/goroot/src/runtime/mheap.go:732 +0xa1
runtime.largeAlloc(0x404180000, 0x7f129b390101, 0x56ef0d)
	/tmp/go-fuzz-build080959663/goroot/src/runtime/malloc.go:827 +0x98
runtime.mallocgc.func1()
	/tmp/go-fuzz-build080959663/goroot/src/runtime/malloc.go:722 +0x46
runtime.systemstack(0x56ef00)
	/tmp/go-fuzz-build080959663/goroot/src/runtime/asm_amd64.s:344 +0x79
runtime.mstart()
	/tmp/go-fuzz-build080959663/goroot/src/runtime/proc.go:1135

goroutine 1 [running]:
runtime.systemstack_switch()
	/tmp/go-fuzz-build080959663/goroot/src/runtime/asm_amd64.s:298 fp=0xc420039ae8 sp=0xc420039ae0 pc=0x44f0a0
runtime.mallocgc(0x404180000, 0x4c8320, 0x1, 0xc4200140f0)
	/tmp/go-fuzz-build080959663/goroot/src/runtime/malloc.go:721 +0x7ae fp=0xc420039b90 sp=0xc420039ae8 pc=0x40ecae
runtime.makeslice(0x4c8320, 0x40418000, 0x40418000, 0x58cf58, 0x4c32e0, 0xc4200140f0)
	/tmp/go-fuzz-build080959663/goroot/src/runtime/slice.go:54 +0x77 fp=0xc420039bc0 sp=0xc420039b90 pc=0x43b4a7
github.com/go-spatial/tegola/geom/encoding/wkb/internal/decode.LinerRing(0x55d120, 0xc420058150, 0x55e3c0, 0x58cf58, 0x0, 0x0, 0x0, 0x0, 0x0)
	/tmp/go-fuzz-build080959663/gopath/src/github.com/go-spatial/tegola/geom/encoding/wkb/internal/decode/decode.go:99 +0x12b fp=0xc420039c38 sp=0xc420039bc0 pc=0x4b21fb
github.com/go-spatial/tegola/geom/encoding/wkb/internal/decode.Polygon(0x55d120, 0xc420058150, 0x55e3c0, 0x58cf58, 0xc400000003, 0x0, 0x0, 0xc420039d50, 0x43039b)
	/tmp/go-fuzz-build080959663/gopath/src/github.com/go-spatial/tegola/geom/encoding/wkb/internal/decode/decode.go:122 +0x1e1 fp=0xc420039cd8 sp=0xc420039c38 pc=0x4b26d1
github.com/go-spatial/tegola/geom/encoding/wkb.Decode(0x55d120, 0xc420058150, 0x4527c6, 0x1660b, 0xd09b430, 0xc420039ec0)
	/tmp/go-fuzz-build080959663/gopath/src/github.com/go-spatial/tegola/geom/encoding/wkb/wkb.go:75 +0x191 fp=0xc420039e68 sp=0xc420039cd8 pc=0x4b3ed1
github.com/go-spatial/tegola/geom/encoding/wkb.DecodeBytes(0x7f129b176000, 0x61, 0x200000, 0x461546, 0x5ac3fd58, 0x349b5341, 0x118fc8)
	/tmp/go-fuzz-build080959663/gopath/src/github.com/go-spatial/tegola/geom/encoding/wkb/wkb.go:51 +0xaf fp=0xc420039eb0 sp=0xc420039e68 pc=0x4b3cdf
github.com/go-spatial/tegola/geom/encoding/wkb/internal/fuzz.Fuzz(0x7f129b176000, 0x61, 0x200000, 0xc420039f70)
	/tmp/go-fuzz-build080959663/gopath/src/github.com/go-spatial/tegola/geom/encoding/wkb/internal/fuzz/fuzz.go:11 +0x5b fp=0xc420039ef8 sp=0xc420039eb0 pc=0x4b46bb
go-fuzz-dep.Main(0x4ee4b8)
	/tmp/go-fuzz-build080959663/goroot/src/go-fuzz-dep/main.go:49 +0xad fp=0xc420039f68 sp=0xc420039ef8 pc=0x4650bd
main.main()
	/tmp/go-fuzz-build080959663/gopath/src/github.com/go-spatial/tegola/geom/encoding/wkb/internal/fuzz/go.fuzz.main/main.go:10 +0x2d fp=0xc420039f80 sp=0xc420039f68 pc=0x4b484d
runtime.main()
	/tmp/go-fuzz-build080959663/goroot/src/runtime/proc.go:195 +0x226 fp=0xc420039fe0 sp=0xc420039f80 pc=0x428e86
runtime.goexit()
	/tmp/go-fuzz-build080959663/goroot/src/runtime/asm_amd64.s:2337 +0x1 fp=0xc420039fe8 sp=0xc420039fe0 pc=0x4516f1
exit status 2