fatal error: runtime: out of memory

runtime stack:
runtime.throw(0x4f118e, 0x16)
	/tmp/go-fuzz-build519499832/goroot/src/runtime/panic.go:605 +0x95
runtime.sysMap(0xc420100000, 0x544980000, 0x7f43a89c4200, 0x597df8)
	/tmp/go-fuzz-build519499832/goroot/src/runtime/mem_linux.go:216 +0x1d0
runtime.(*mheap).sysAlloc(0x57f7e0, 0x544980000, 0x7f43a89c4398)
	/tmp/go-fuzz-build519499832/goroot/src/runtime/malloc.go:470 +0xd7
runtime.(*mheap).grow(0x57f7e0, 0x2a24c0, 0x0)
	/tmp/go-fuzz-build519499832/goroot/src/runtime/mheap.go:887 +0x60
runtime.(*mheap).allocSpanLocked(0x57f7e0, 0x2a24c0, 0x597e08, 0x7f43a899f478)
	/tmp/go-fuzz-build519499832/goroot/src/runtime/mheap.go:800 +0x334
runtime.(*mheap).alloc_m(0x57f7e0, 0x2a24c0, 0x7ffeeed30100, 0x412f7c)
	/tmp/go-fuzz-build519499832/goroot/src/runtime/mheap.go:666 +0x118
runtime.(*mheap).alloc.func1()
	/tmp/go-fuzz-build519499832/goroot/src/runtime/mheap.go:733 +0x4d
runtime.systemstack(0x7ffeeed387b8)
	/tmp/go-fuzz-build519499832/goroot/src/runtime/asm_amd64.s:360 +0xab
runtime.(*mheap).alloc(0x57f7e0, 0x2a24c0, 0x7ffeee010100, 0x4125e4)
	/tmp/go-fuzz-build519499832/goroot/src/runtime/mheap.go:732 +0xa1
runtime.largeAlloc(0x544980000, 0x7f43a89b0001, 0x579084)
	/tmp/go-fuzz-build519499832/goroot/src/runtime/malloc.go:827 +0x98
runtime.mallocgc.func1()
	/tmp/go-fuzz-build519499832/goroot/src/runtime/malloc.go:722 +0x46
runtime.systemstack(0x579000)
	/tmp/go-fuzz-build519499832/goroot/src/runtime/asm_amd64.s:344 +0x79
runtime.mstart()
	/tmp/go-fuzz-build519499832/goroot/src/runtime/proc.go:1135

goroutine 1 [running]:
runtime.systemstack_switch()
	/tmp/go-fuzz-build519499832/goroot/src/runtime/asm_amd64.s:298 fp=0xc42003b9d8 sp=0xc42003b9d0 pc=0x44f1b0
runtime.mallocgc(0x544980000, 0x4ca0a0, 0xc420014101, 0xc420014150)
	/tmp/go-fuzz-build519499832/goroot/src/runtime/malloc.go:721 +0x7ae fp=0xc42003ba80 sp=0xc42003b9d8 pc=0x40edbe
runtime.makeslice(0x4ca0a0, 0x38310000, 0x38310000, 0x596fd8, 0x4c9880, 0xc420014150)
	/tmp/go-fuzz-build519499832/goroot/src/runtime/slice.go:54 +0x77 fp=0xc42003bab0 sp=0xc42003ba80 pc=0x43b5b7
github.com/go-spatial/tegola/geom/encoding/wkb/internal/decode.MultiLineString(0x567160, 0xc42005a2d0, 0x568440, 0x596fd8, 0x5, 0x0, 0x0, 0x0, 0x0)
	/tmp/go-fuzz-build519499832/gopath/src/github.com/go-spatial/tegola/geom/encoding/wkb/internal/decode/decode.go:78 +0x124 fp=0xc42003bb68 sp=0xc42003bab0 pc=0x4b6094
github.com/go-spatial/tegola/geom/encoding/wkb/internal/decode.Collection(0x567160, 0xc42005a2d0, 0x568440, 0x596fd8, 0xc400000007, 0x0, 0x0, 0x4d8580, 0xc42000e2f0)
	/tmp/go-fuzz-build519499832/gopath/src/github.com/go-spatial/tegola/geom/encoding/wkb/internal/decode/decode.go:171 +0x7b6 fp=0xc42003bcc0 sp=0xc42003bb68 pc=0x4b7986
github.com/go-spatial/tegola/geom/encoding/wkb.Decode(0x567160, 0xc42005a2d0, 0xc42003be90, 0x4528d6, 0xc42003bee8, 0x4528d6)
	/tmp/go-fuzz-build519499832/gopath/src/github.com/go-spatial/tegola/geom/encoding/wkb/wkb.go:81 +0x62f fp=0xc42003be50 sp=0xc42003bcc0 pc=0x4ba2cf
github.com/go-spatial/tegola/geom/encoding/wkb.DecodeBytes(0x7f43a879f000, 0x12, 0x200000, 0x21805f2c00000000, 0x5abeb5d8, 0xc42003bee8, 0x461656)
	/tmp/go-fuzz-build519499832/gopath/src/github.com/go-spatial/tegola/geom/encoding/wkb/wkb.go:51 +0xaf fp=0xc42003be98 sp=0xc42003be50 pc=0x4b9c3f
github.com/go-spatial/tegola/geom/encoding/wkb.Fuzz(0x7f43a879f000, 0x12, 0x200000, 0x3)
	/tmp/go-fuzz-build519499832/gopath/src/github.com/go-spatial/tegola/geom/encoding/wkb/fuzz.go:7 +0x5b fp=0xc42003bef8 sp=0xc42003be98 pc=0x4b97eb
go-fuzz-dep.Main(0x4f58a0)
	/tmp/go-fuzz-build519499832/goroot/src/go-fuzz-dep/main.go:49 +0xad fp=0xc42003bf68 sp=0xc42003bef8 pc=0x4651cd
main.main()
	/tmp/go-fuzz-build519499832/gopath/src/github.com/go-spatial/tegola/geom/encoding/wkb/go.fuzz.main/main.go:10 +0x2d fp=0xc42003bf80 sp=0xc42003bf68 pc=0x4baf3d
runtime.main()
	/tmp/go-fuzz-build519499832/goroot/src/runtime/proc.go:195 +0x226 fp=0xc42003bfe0 sp=0xc42003bf80 pc=0x428f96
runtime.goexit()
	/tmp/go-fuzz-build519499832/goroot/src/runtime/asm_amd64.s:2337 +0x1 fp=0xc42003bfe8 sp=0xc42003bfe0 pc=0x451801
exit status 2