fatal error: runtime: out of memory

runtime stack:
runtime.throw(0x4e9dc8, 0x16)
	/tmp/go-fuzz-build080959663/goroot/src/runtime/panic.go:605 +0x95
runtime.sysMap(0xc420100000, 0x471bd0000, 0x7f7c0d518200, 0x58dd78)
	/tmp/go-fuzz-build080959663/goroot/src/runtime/mem_linux.go:216 +0x1d0
runtime.(*mheap).sysAlloc(0x575760, 0x471bd0000, 0x56ed20)
	/tmp/go-fuzz-build080959663/goroot/src/runtime/malloc.go:470 +0xd7
runtime.(*mheap).grow(0x575760, 0x238de8, 0x0)
	/tmp/go-fuzz-build080959663/goroot/src/runtime/mheap.go:887 +0x60
runtime.(*mheap).allocSpanLocked(0x575760, 0x238de8, 0x58dd88, 0xc400000002)
	/tmp/go-fuzz-build080959663/goroot/src/runtime/mheap.go:800 +0x334
runtime.(*mheap).alloc_m(0x575760, 0x238de8, 0x7fffc2df0101, 0x0)
	/tmp/go-fuzz-build080959663/goroot/src/runtime/mheap.go:666 +0x118
runtime.(*mheap).alloc.func1()
	/tmp/go-fuzz-build080959663/goroot/src/runtime/mheap.go:733 +0x4d
runtime.systemstack(0x7fffc2dffe48)
	/tmp/go-fuzz-build080959663/goroot/src/runtime/asm_amd64.s:360 +0xab
runtime.(*mheap).alloc(0x575760, 0x238de8, 0x10101, 0x56ee90)
	/tmp/go-fuzz-build080959663/goroot/src/runtime/mheap.go:732 +0xa1
runtime.largeAlloc(0x471bcf5a0, 0x101, 0x56efa0)
	/tmp/go-fuzz-build080959663/goroot/src/runtime/malloc.go:827 +0x98
runtime.mallocgc.func1()
	/tmp/go-fuzz-build080959663/goroot/src/runtime/malloc.go:722 +0x46
runtime.systemstack(0x56ef00)
	/tmp/go-fuzz-build080959663/goroot/src/runtime/asm_amd64.s:344 +0x79
runtime.mstart()
	/tmp/go-fuzz-build080959663/goroot/src/runtime/proc.go:1135

goroutine 1 [running]:
runtime.systemstack_switch()
	/tmp/go-fuzz-build080959663/goroot/src/runtime/asm_amd64.s:298 fp=0xc42003ba08 sp=0xc42003ba00 pc=0x44f0a0
runtime.mallocgc(0x471bcf5a0, 0x4c8320, 0xc420014001, 0xc420014090)
	/tmp/go-fuzz-build080959663/goroot/src/runtime/malloc.go:721 +0x7ae fp=0xc42003bab0 sp=0xc42003ba08 pc=0x40ecae
runtime.makeslice(0x4c8320, 0x471bcf5a, 0x471bcf5a, 0x58cf58, 0x4c32e0, 0xc420014090)
	/tmp/go-fuzz-build080959663/goroot/src/runtime/slice.go:54 +0x77 fp=0xc42003bae0 sp=0xc42003bab0 pc=0x43b4a7
github.com/go-spatial/tegola/geom/encoding/wkb/internal/decode.MultiPoint(0x55d120, 0xc42005a150, 0x55e3c0, 0x58cf58, 0x4, 0x0, 0x0, 0x0, 0x0)
	/tmp/go-fuzz-build080959663/gopath/src/github.com/go-spatial/tegola/geom/encoding/wkb/internal/decode/decode.go:41 +0x118 fp=0xc42003bb80 sp=0xc42003bae0 pc=0x4b1458
github.com/go-spatial/tegola/geom/encoding/wkb/internal/decode.Collection(0x55d120, 0xc42005a150, 0x55e3c0, 0x58cf58, 0xc400000007, 0x0, 0x0, 0xc42003bd50, 0x43039b)
	/tmp/go-fuzz-build080959663/gopath/src/github.com/go-spatial/tegola/geom/encoding/wkb/internal/decode/decode.go:169 +0x6b8 fp=0xc42003bcd8 sp=0xc42003bb80 pc=0x4b3488
github.com/go-spatial/tegola/geom/encoding/wkb.Decode(0x55d120, 0xc42005a150, 0x4527c6, 0x1cb42, 0x28ccaa9e, 0xc42003bec0)
	/tmp/go-fuzz-build080959663/gopath/src/github.com/go-spatial/tegola/geom/encoding/wkb/wkb.go:81 +0x62f fp=0xc42003be68 sp=0xc42003bcd8 pc=0x4b436f
github.com/go-spatial/tegola/geom/encoding/wkb.DecodeBytes(0x7f7c0d2f3000, 0x12, 0x200000, 0x461546, 0x5ac46290, 0x14c37fb3, 0x4d33b0)
	/tmp/go-fuzz-build080959663/gopath/src/github.com/go-spatial/tegola/geom/encoding/wkb/wkb.go:51 +0xaf fp=0xc42003beb0 sp=0xc42003be68 pc=0x4b3cdf
github.com/go-spatial/tegola/geom/encoding/wkb/internal/fuzz.Fuzz(0x7f7c0d2f3000, 0x12, 0x200000, 0xc42003bf70)
	/tmp/go-fuzz-build080959663/gopath/src/github.com/go-spatial/tegola/geom/encoding/wkb/internal/fuzz/fuzz.go:11 +0x5b fp=0xc42003bef8 sp=0xc42003beb0 pc=0x4b46bb
go-fuzz-dep.Main(0x4ee4b8)
	/tmp/go-fuzz-build080959663/goroot/src/go-fuzz-dep/main.go:49 +0xad fp=0xc42003bf68 sp=0xc42003bef8 pc=0x4650bd
main.main()
	/tmp/go-fuzz-build080959663/gopath/src/github.com/go-spatial/tegola/geom/encoding/wkb/internal/fuzz/go.fuzz.main/main.go:10 +0x2d fp=0xc42003bf80 sp=0xc42003bf68 pc=0x4b484d
runtime.main()
	/tmp/go-fuzz-build080959663/goroot/src/runtime/proc.go:195 +0x226 fp=0xc42003bfe0 sp=0xc42003bf80 pc=0x428e86
runtime.goexit()
	/tmp/go-fuzz-build080959663/goroot/src/runtime/asm_amd64.s:2337 +0x1 fp=0xc42003bfe8 sp=0xc42003bfe0 pc=0x4516f1
exit status 2