fatal error: runtime: out of memory

runtime stack:
runtime.throw(0x4e9dc8, 0x16)
	/tmp/go-fuzz-build080959663/goroot/src/runtime/panic.go:605 +0x95
runtime.sysMap(0xc420100000, 0x555260000, 0x7f5e137e6100, 0x58dd78)
	/tmp/go-fuzz-build080959663/goroot/src/runtime/mem_linux.go:216 +0x1d0
runtime.(*mheap).sysAlloc(0x575760, 0x555260000, 0x56ed20)
	/tmp/go-fuzz-build080959663/goroot/src/runtime/malloc.go:470 +0xd7
runtime.(*mheap).grow(0x575760, 0x2aa92b, 0x0)
	/tmp/go-fuzz-build080959663/goroot/src/runtime/mheap.go:887 +0x60
runtime.(*mheap).allocSpanLocked(0x575760, 0x2aa92b, 0x58dd88, 0xc400000002)
	/tmp/go-fuzz-build080959663/goroot/src/runtime/mheap.go:800 +0x334
runtime.(*mheap).alloc_m(0x575760, 0x2aa92b, 0x7ffd415b0101, 0x0)
	/tmp/go-fuzz-build080959663/goroot/src/runtime/mheap.go:666 +0x118
runtime.(*mheap).alloc.func1()
	/tmp/go-fuzz-build080959663/goroot/src/runtime/mheap.go:733 +0x4d
runtime.systemstack(0x7ffd415b4d58)
	/tmp/go-fuzz-build080959663/goroot/src/runtime/asm_amd64.s:360 +0xab
runtime.(*mheap).alloc(0x575760, 0x2aa92b, 0x10101, 0x56ee90)
	/tmp/go-fuzz-build080959663/goroot/src/runtime/mheap.go:732 +0xa1
runtime.largeAlloc(0x555254020, 0x101, 0x56efa0)
	/tmp/go-fuzz-build080959663/goroot/src/runtime/malloc.go:827 +0x98
runtime.mallocgc.func1()
	/tmp/go-fuzz-build080959663/goroot/src/runtime/malloc.go:722 +0x46
runtime.systemstack(0x56ef00)
	/tmp/go-fuzz-build080959663/goroot/src/runtime/asm_amd64.s:344 +0x79
runtime.mstart()
	/tmp/go-fuzz-build080959663/goroot/src/runtime/proc.go:1135

goroutine 1 [running]:
runtime.systemstack_switch()
	/tmp/go-fuzz-build080959663/goroot/src/runtime/asm_amd64.s:298 fp=0xc420039ac0 sp=0xc420039ab8 pc=0x44f0a0
runtime.mallocgc(0x555254020, 0x4c8320, 0x46dc01, 0xc4200140e0)
	/tmp/go-fuzz-build080959663/goroot/src/runtime/malloc.go:721 +0x7ae fp=0xc420039b68 sp=0xc420039ac0 pc=0x40ecae
runtime.makeslice(0x4c8320, 0x55525402, 0x55525402, 0x58cf58, 0x4c32e0, 0xc4200140e0)
	/tmp/go-fuzz-build080959663/goroot/src/runtime/slice.go:54 +0x77 fp=0xc420039b98 sp=0xc420039b68 pc=0x43b4a7
github.com/go-spatial/tegola/geom/encoding/wkb/internal/decode.LineString(0x55d120, 0xc420058150, 0x55e3c0, 0x58cf58, 0xc400000002, 0x0, 0x0, 0x0, 0x0)
	/tmp/go-fuzz-build080959663/gopath/src/github.com/go-spatial/tegola/geom/encoding/wkb/internal/decode/decode.go:64 +0x10d fp=0xc420039c20 sp=0xc420039b98 pc=0x4b196d
github.com/go-spatial/tegola/geom/encoding/wkb/internal/decode.MultiLineString(0x55d120, 0xc420058150, 0x55e3c0, 0x58cf58, 0xc400000005, 0x0, 0x0, 0xc420039d50, 0x43039b)
	/tmp/go-fuzz-build080959663/gopath/src/github.com/go-spatial/tegola/geom/encoding/wkb/internal/decode/decode.go:87 +0x268 fp=0xc420039cd8 sp=0xc420039c20 pc=0x4b1dd8
github.com/go-spatial/tegola/geom/encoding/wkb.Decode(0x55d120, 0xc420058150, 0x4527c6, 0x1675b, 0x145275fe, 0xc420039ec0)
	/tmp/go-fuzz-build080959663/gopath/src/github.com/go-spatial/tegola/geom/encoding/wkb/wkb.go:72 +0x535 fp=0xc420039e68 sp=0xc420039cd8 pc=0x4b4275
github.com/go-spatial/tegola/geom/encoding/wkb.DecodeBytes(0x7f5e135c1000, 0x3b, 0x200000, 0x461546, 0x5ac3fea9, 0x494b0c, 0x89e43)
	/tmp/go-fuzz-build080959663/gopath/src/github.com/go-spatial/tegola/geom/encoding/wkb/wkb.go:51 +0xaf fp=0xc420039eb0 sp=0xc420039e68 pc=0x4b3cdf
github.com/go-spatial/tegola/geom/encoding/wkb/internal/fuzz.Fuzz(0x7f5e135c1000, 0x3b, 0x200000, 0xc420039f70)
	/tmp/go-fuzz-build080959663/gopath/src/github.com/go-spatial/tegola/geom/encoding/wkb/internal/fuzz/fuzz.go:11 +0x5b fp=0xc420039ef8 sp=0xc420039eb0 pc=0x4b46bb
go-fuzz-dep.Main(0x4ee4b8)
	/tmp/go-fuzz-build080959663/goroot/src/go-fuzz-dep/main.go:49 +0xad fp=0xc420039f68 sp=0xc420039ef8 pc=0x4650bd
main.main()
	/tmp/go-fuzz-build080959663/gopath/src/github.com/go-spatial/tegola/geom/encoding/wkb/internal/fuzz/go.fuzz.main/main.go:10 +0x2d fp=0xc420039f80 sp=0xc420039f68 pc=0x4b484d
runtime.main()
	/tmp/go-fuzz-build080959663/goroot/src/runtime/proc.go:195 +0x226 fp=0xc420039fe0 sp=0xc420039f80 pc=0x428e86
runtime.goexit()
	/tmp/go-fuzz-build080959663/goroot/src/runtime/asm_amd64.s:2337 +0x1 fp=0xc420039fe8 sp=0xc420039fe0 pc=0x4516f1
exit status 2