fatal error: runtime: out of memory

runtime stack:
runtime.throw(0x4e9dc8, 0x16)
	/tmp/go-fuzz-build080959663/goroot/src/runtime/panic.go:605 +0x95
runtime.sysMap(0xc420100000, 0x414de0000, 0x44e800, 0x58dd78)
	/tmp/go-fuzz-build080959663/goroot/src/runtime/mem_linux.go:216 +0x1d0
runtime.(*mheap).sysAlloc(0x575760, 0x414de0000, 0x7fd2c63304c8)
	/tmp/go-fuzz-build080959663/goroot/src/runtime/malloc.go:470 +0xd7
runtime.(*mheap).grow(0x575760, 0x20a6ea, 0x0)
	/tmp/go-fuzz-build080959663/goroot/src/runtime/mheap.go:887 +0x60
runtime.(*mheap).allocSpanLocked(0x575760, 0x20a6ea, 0x58dd88, 0x7fd2c630b478)
	/tmp/go-fuzz-build080959663/goroot/src/runtime/mheap.go:800 +0x334
runtime.(*mheap).alloc_m(0x575760, 0x20a6ea, 0x7ffc8c520101, 0x412e6c)
	/tmp/go-fuzz-build080959663/goroot/src/runtime/mheap.go:666 +0x118
runtime.(*mheap).alloc.func1()
	/tmp/go-fuzz-build080959663/goroot/src/runtime/mheap.go:733 +0x4d
runtime.systemstack(0x7ffc8c521b38)
	/tmp/go-fuzz-build080959663/goroot/src/runtime/asm_amd64.s:360 +0xab
runtime.(*mheap).alloc(0x575760, 0x20a6ea, 0x7ffc8c010101, 0x4124d4)
	/tmp/go-fuzz-build080959663/goroot/src/runtime/mheap.go:732 +0xa1
runtime.largeAlloc(0x414dd2e30, 0x7fd2c6320101, 0x56ef35)
	/tmp/go-fuzz-build080959663/goroot/src/runtime/malloc.go:827 +0x98
runtime.mallocgc.func1()
	/tmp/go-fuzz-build080959663/goroot/src/runtime/malloc.go:722 +0x46
runtime.systemstack(0x56ef00)
	/tmp/go-fuzz-build080959663/goroot/src/runtime/asm_amd64.s:344 +0x79
runtime.mstart()
	/tmp/go-fuzz-build080959663/goroot/src/runtime/proc.go:1135

goroutine 1 [running]:
runtime.systemstack_switch()
	/tmp/go-fuzz-build080959663/goroot/src/runtime/asm_amd64.s:298 fp=0xc420039a30 sp=0xc420039a28 pc=0x44f0a0
runtime.mallocgc(0x414dd2e30, 0x4c8320, 0x1, 0xc420014950)
	/tmp/go-fuzz-build080959663/goroot/src/runtime/malloc.go:721 +0x7ae fp=0xc420039ad8 sp=0xc420039a30 pc=0x40ecae
runtime.makeslice(0x4c8320, 0x414dd2e3, 0x414dd2e3, 0x58cf58, 0x4c32e0, 0xc420014950)
	/tmp/go-fuzz-build080959663/goroot/src/runtime/slice.go:54 +0x77 fp=0xc420039b08 sp=0xc420039ad8 pc=0x43b4a7
github.com/go-spatial/tegola/geom/encoding/wkb/internal/decode.LinerRing(0x55d120, 0xc42006c150, 0x55e3c0, 0x58cf58, 0x0, 0x0, 0x0, 0x0, 0x0)
	/tmp/go-fuzz-build080959663/gopath/src/github.com/go-spatial/tegola/geom/encoding/wkb/internal/decode/decode.go:99 +0x12b fp=0xc420039b80 sp=0xc420039b08 pc=0x4b21fb
github.com/go-spatial/tegola/geom/encoding/wkb/internal/decode.Polygon(0x55d120, 0xc42006c150, 0x55e3c0, 0x58cf58, 0x3, 0x0, 0x0, 0x0, 0x4b118d)
	/tmp/go-fuzz-build080959663/gopath/src/github.com/go-spatial/tegola/geom/encoding/wkb/internal/decode/decode.go:122 +0x1e1 fp=0xc420039c20 sp=0xc420039b80 pc=0x4b26d1
github.com/go-spatial/tegola/geom/encoding/wkb/internal/decode.MultiPolygon(0x55d120, 0xc42006c150, 0x55e3c0, 0x58cf58, 0xc400000006, 0x0, 0x0, 0xc420039d50, 0x43039b)
	/tmp/go-fuzz-build080959663/gopath/src/github.com/go-spatial/tegola/geom/encoding/wkb/internal/decode/decode.go:143 +0x266 fp=0xc420039cd8 sp=0xc420039c20 pc=0x4b2ad6
github.com/go-spatial/tegola/geom/encoding/wkb.Decode(0x55d120, 0xc42006c150, 0x4527c6, 0x165c4, 0x2434691e, 0xc420039ec0)
	/tmp/go-fuzz-build080959663/gopath/src/github.com/go-spatial/tegola/geom/encoding/wkb/wkb.go:78 +0x717 fp=0xc420039e68 sp=0xc420039cd8 pc=0x4b4457
github.com/go-spatial/tegola/geom/encoding/wkb.DecodeBytes(0x7fd2c610b000, 0x89e, 0x200000, 0x461546, 0x5ac3fd12, 0x102b3e37, 0x9d415)
	/tmp/go-fuzz-build080959663/gopath/src/github.com/go-spatial/tegola/geom/encoding/wkb/wkb.go:51 +0xaf fp=0xc420039eb0 sp=0xc420039e68 pc=0x4b3cdf
github.com/go-spatial/tegola/geom/encoding/wkb/internal/fuzz.Fuzz(0x7fd2c610b000, 0x89e, 0x200000, 0xc420039f70)
	/tmp/go-fuzz-build080959663/gopath/src/github.com/go-spatial/tegola/geom/encoding/wkb/internal/fuzz/fuzz.go:11 +0x5b fp=0xc420039ef8 sp=0xc420039eb0 pc=0x4b46bb
go-fuzz-dep.Main(0x4ee4b8)
	/tmp/go-fuzz-build080959663/goroot/src/go-fuzz-dep/main.go:49 +0xad fp=0xc420039f68 sp=0xc420039ef8 pc=0x4650bd
main.main()
	/tmp/go-fuzz-build080959663/gopath/src/github.com/go-spatial/tegola/geom/encoding/wkb/internal/fuzz/go.fuzz.main/main.go:10 +0x2d fp=0xc420039f80 sp=0xc420039f68 pc=0x4b484d
runtime.main()
	/tmp/go-fuzz-build080959663/goroot/src/runtime/proc.go:195 +0x226 fp=0xc420039fe0 sp=0xc420039f80 pc=0x428e86
runtime.goexit()
	/tmp/go-fuzz-build080959663/goroot/src/runtime/asm_amd64.s:2337 +0x1 fp=0xc420039fe8 sp=0xc420039fe0 pc=0x4516f1
exit status 2